Using pre-set license
Built from '2022.3/release' branch; Version is '2022.3.5f1 (9674261d40ee) revision 9860134'; Using compiler version '192829333'; Build Type 'Release'
OS: 'Windows 11  (10.0.22621) 64bit Core' Language: 'es' Physical Memory: 32539 MB
BatchMode: 1, IsHumanControllingUs: 0, StartBugReporterOnCrash: 0, Is64bit: 1, IsPro: 1

COMMAND LINE ARGUMENTS:
C:\Program Files\Unity\Hub\Editor\2022.3.5f1\Editor\Unity.exe
-adb2
-batchMode
-noUpm
-name
AssetImportWorker123
-projectPath
C:/Users/user/Documents/Trabajo/Unity/GGJ2024/GlobalGameJam2024
-logFile
Logs/AssetImportWorker123.log
-srvPort
57554
Successfully changed project path to: C:/Users/user/Documents/Trabajo/Unity/GGJ2024/GlobalGameJam2024
C:/Users/user/Documents/Trabajo/Unity/GGJ2024/GlobalGameJam2024
[UnityMemory] Configuration Parameters - Can be set up in boot.config
    "memorysetup-bucket-allocator-granularity=16"
    "memorysetup-bucket-allocator-bucket-count=8"
    "memorysetup-bucket-allocator-block-size=33554432"
    "memorysetup-bucket-allocator-block-count=8"
    "memorysetup-main-allocator-block-size=16777216"
    "memorysetup-thread-allocator-block-size=16777216"
    "memorysetup-gfx-main-allocator-block-size=16777216"
    "memorysetup-gfx-thread-allocator-block-size=16777216"
    "memorysetup-cache-allocator-block-size=4194304"
    "memorysetup-typetree-allocator-block-size=2097152"
    "memorysetup-profiler-bucket-allocator-granularity=16"
    "memorysetup-profiler-bucket-allocator-bucket-count=8"
    "memorysetup-profiler-bucket-allocator-block-size=33554432"
    "memorysetup-profiler-bucket-allocator-block-count=8"
    "memorysetup-profiler-allocator-block-size=16777216"
    "memorysetup-profiler-editor-allocator-block-size=1048576"
    "memorysetup-temp-allocator-size-main=16777216"
    "memorysetup-job-temp-allocator-block-size=2097152"
    "memorysetup-job-temp-allocator-block-size-background=1048576"
    "memorysetup-job-temp-allocator-reduction-small-platforms=262144"
    "memorysetup-allocator-temp-initial-block-size-main=262144"
    "memorysetup-allocator-temp-initial-block-size-worker=262144"
    "memorysetup-temp-allocator-size-background-worker=32768"
    "memorysetup-temp-allocator-size-job-worker=262144"
    "memorysetup-temp-allocator-size-preload-manager=33554432"
    "memorysetup-temp-allocator-size-nav-mesh-worker=65536"
    "memorysetup-temp-allocator-size-audio-worker=65536"
    "memorysetup-temp-allocator-size-cloud-worker=32768"
    "memorysetup-temp-allocator-size-gi-baking-worker=262144"
    "memorysetup-temp-allocator-size-gfx=262144"
Player connection [8684] Host "[IP] 192.168.1.114 [Port] 0 [Flags] 2 [Guid] 2384079061 [EditorId] 2384079061 [Version] 1048832 [Id] WindowsEditor(7,MSI) [Debug] 1 [PackageName] WindowsEditor [ProjectName] Editor" joined multi-casting on [225.0.0.222:54997]...

Player connection [8684] Host "[IP] 192.168.1.114 [Port] 0 [Flags] 2 [Guid] 2384079061 [EditorId] 2384079061 [Version] 1048832 [Id] WindowsEditor(7,MSI) [Debug] 1 [PackageName] WindowsEditor [ProjectName] Editor" joined alternative multi-casting on [225.0.0.222:34997]...

mdb reader table full -> cleaning up stale readers. Current readers:
    pid     thread     txnid
      8804 7a18 -
      6344 12bc -
      8804 8794 -
     34072 4340 -
     31608 668 -
      5396 7024 -
     14284 6f0c -
     33932 f04 -
     14304 6878 -
     21964 7b00 -
     35592 1f80 -
     36188 65ac -
     12200 7340 -
      9552 7088 -
     21680 7690 -
      8804 2c78 -
     25644 5f4c -
     10668 83e8 -
     30652 23d8 -
     39196 1950 -
     38680 8210 -
     10464 5910 -
     36036 2908 -
     13860 3fd8 -
     16288 586c -
     30640 7550 -
     35796 9204 -
     30424 2488 -
     26052 12f0 -
      1312 46e4 -
     37756 87dc -
     10612 6548 -
     18780 980c -
     36656 2170 -
     21704 5584 -
     34984 3bdc -
      9400 4c0c -
     18540 74dc -
     26224 5ea4 -
     14652 8714 -
     18256 73d0 -
     23900 22b0 -
     17700 822c -
     31092 89a8 -
      5684 8624 -
     25084 7034 -
      6264 936c -
     16292 3204 -
      2564 2718 -
     35808 7498 -
      6416 7c30 -
     19996 5c74 -
     12116 50ec -
     34104 76f4 -
      1220 80e0 -
     18156 8340 -
     34280 7198 -
     36184 35fc -
     34188 4658 -
     25288 1f0c -
     21400 5e9c -
     10980 343c -
     10976 3eec -
     16636 6db4 -
     34864 8728 -
      9624 8804 -
     36476 7dc0 -
     35420 9b58 -
      3528 912c -
     16396 7fdc -
      1832 3308 -
     16832 5c40 -
     29420 43cc -
     16856 8030 -
     37508 5178 -
     26972 1058 -
     10852 176c -
     38228 3838 -
     20584 52e8 -
      3308 3c20 -
      2316 3c7c -
     21436 83a8 -
     17252 8a74 -
     22904 3580 -
     37980 91a0 -
     35736 206c -
     35612 bd8 -
      3900 60d4 -
      8600 1ae8 -
     31084 869c -
     23984 42f4 -
     29324 9280 -
     25844 a94 -
     18952 2e44 -
     25684 6ab8 -
     25460 3c84 -
     17624 9458 -
     33184 86ac -
     10280 780 -
     29480 2b90 -
     18092 960 -
     14024 6214 -
      9872 745c -
     22224 78ac -
     10024 10f8 -
     31008 5798 -
     12428 4d74 -
     16456 5878 -
      6372 8360 -
     20300 3660 -
     23880 2bd4 -
     26724 7bd4 -
     10088 8b04 -
     18312 902c -
     26368 1fa4 -
     39624 54f8 -
     10140 2138 -
      8396 9b8 -
     13428 8d90 -
     38468 5258 -
     39448 6938 -
     23748 1e8 -
      3388 518c -
      6432 1f24 -
     28848 3cd8 -
     22824 5f74 -
Cleaned out 122 stale readers
Refreshing native plugins compatible for Editor in 5.04 ms, found 3 plugins.
Preloading 0 native plugins for Editor in 0.00 ms.
Initialize engine version: 2022.3.5f1 (9674261d40ee)
[Subsystems] Discovering subsystems at path C:/Program Files/Unity/Hub/Editor/2022.3.5f1/Editor/Data/Resources/UnitySubsystems
[Subsystems] Discovering subsystems at path C:/Users/user/Documents/Trabajo/Unity/GGJ2024/GlobalGameJam2024/Assets
GfxDevice: creating device client; threaded=0; jobified=0
Direct3D:
    Version:  Direct3D 11.0 [level 11.1]
    Renderer: NVIDIA GeForce RTX 3070 Ti Laptop GPU (ID=0x24a0)
    Vendor:   NVIDIA
    VRAM:     8032 MB
    Driver:   31.0.15.3667
Initialize mono
Mono path[0] = 'C:/Program Files/Unity/Hub/Editor/2022.3.5f1/Editor/Data/Managed'
Mono path[1] = 'C:/Program Files/Unity/Hub/Editor/2022.3.5f1/Editor/Data/MonoBleedingEdge/lib/mono/unityjit-win32'
Mono config path = 'C:/Program Files/Unity/Hub/Editor/2022.3.5f1/Editor/Data/MonoBleedingEdge/etc'
Using monoOptions --debugger-agent=transport=dt_socket,address=127.0.0.1:57546,server=n,suspend=y
