Using pre-set license
Built from '2022.3/release' branch; Version is '2022.3.5f1 (9674261d40ee) revision 9860134'; Using compiler version '192829333'; Build Type 'Release'
OS: 'Windows 11  (10.0.22621) 64bit Core' Language: 'es' Physical Memory: 32539 MB
BatchMode: 1, IsHumanControllingUs: 0, StartBugReporterOnCrash: 0, Is64bit: 1, IsPro: 1

COMMAND LINE ARGUMENTS:
C:\Program Files\Unity\Hub\Editor\2022.3.5f1\Editor\Unity.exe
-adb2
-batchMode
-noUpm
-name
AssetImportWorker240
-projectPath
C:/Users/user/Documents/Trabajo/Unity/GGJ2024
-logFile
Logs/AssetImportWorker240.log
-srvPort
61458
Successfully changed project path to: C:/Users/user/Documents/Trabajo/Unity/GGJ2024
C:/Users/user/Documents/Trabajo/Unity/GGJ2024
[UnityMemory] Configuration Parameters - Can be set up in boot.config
    "memorysetup-bucket-allocator-granularity=16"
    "memorysetup-bucket-allocator-bucket-count=8"
    "memorysetup-bucket-allocator-block-size=33554432"
    "memorysetup-bucket-allocator-block-count=8"
    "memorysetup-main-allocator-block-size=16777216"
    "memorysetup-thread-allocator-block-size=16777216"
    "memorysetup-gfx-main-allocator-block-size=16777216"
    "memorysetup-gfx-thread-allocator-block-size=16777216"
    "memorysetup-cache-allocator-block-size=4194304"
    "memorysetup-typetree-allocator-block-size=2097152"
    "memorysetup-profiler-bucket-allocator-granularity=16"
    "memorysetup-profiler-bucket-allocator-bucket-count=8"
    "memorysetup-profiler-bucket-allocator-block-size=33554432"
    "memorysetup-profiler-bucket-allocator-block-count=8"
    "memorysetup-profiler-allocator-block-size=16777216"
    "memorysetup-profiler-editor-allocator-block-size=1048576"
    "memorysetup-temp-allocator-size-main=16777216"
    "memorysetup-job-temp-allocator-block-size=2097152"
    "memorysetup-job-temp-allocator-block-size-background=1048576"
    "memorysetup-job-temp-allocator-reduction-small-platforms=262144"
    "memorysetup-allocator-temp-initial-block-size-main=262144"
    "memorysetup-allocator-temp-initial-block-size-worker=262144"
    "memorysetup-temp-allocator-size-background-worker=32768"
    "memorysetup-temp-allocator-size-job-worker=262144"
    "memorysetup-temp-allocator-size-preload-manager=33554432"
    "memorysetup-temp-allocator-size-nav-mesh-worker=65536"
    "memorysetup-temp-allocator-size-audio-worker=65536"
    "memorysetup-temp-allocator-size-cloud-worker=32768"
    "memorysetup-temp-allocator-size-gi-baking-worker=262144"
    "memorysetup-temp-allocator-size-gfx=262144"
Player connection [16732] Host "[IP] 192.168.123.105 [Port] 0 [Flags] 2 [Guid] 3757840583 [EditorId] 3757840583 [Version] 1048832 [Id] WindowsEditor(7,MSI) [Debug] 1 [PackageName] WindowsEditor [ProjectName] Editor" joined multi-casting on [225.0.0.222:54997]...

Player connection [16732] Host "[IP] 192.168.123.105 [Port] 0 [Flags] 2 [Guid] 3757840583 [EditorId] 3757840583 [Version] 1048832 [Id] WindowsEditor(7,MSI) [Debug] 1 [PackageName] WindowsEditor [ProjectName] Editor" joined alternative multi-casting on [225.0.0.222:34997]...

mdb reader table full -> cleaning up stale readers. Current readers:
    pid     thread     txnid
     20808 18c4 -
     38772 80b8 -
     20996 6c38 -
     20808 32fc -
     34116 60c0 -
     22052 38c8 -
      3924 6d58 -
      5400 71a8 -
     14268 80d4 -
     31708 cd4 -
      7892 51b0 -
     39012 66c8 -
     18116 5870 -
     26236 3570 -
     37040 2424 -
     15704 9938 -
     20808 85b0 -
     18876 47f4 -
     13400 47e4 -
     35784 5674 -
     13576 2678 -
     28020 7378 -
      8940 8388 -
     12904 713c -
     34436 2124 -
     32820 2728 -
     32436 198c -
     24144 5e08 -
     15800 1230 -
     32988 37ac -
     18984 815c -
     30424 43a8 -
     26712 9a50 -
      2812 2d68 -
     18004 1a8 -
      5560 30e8 -
     20860 5a74 -
      6968 6b68 -
     22416 1538 -
     12008 1bf4 -
     39144 8c2c -
     38000 6c94 -
     19196 43d8 -
     19460 7ea0 -
      4192 7088 -
     30808 1b8 -
     39140 780 -
     37016 7648 -
     15880 8bc0 -
      8832 5a9c -
     14636 278c -
     23944 90ac -
     38024 556c -
     37152 8814 -
     33788 646c -
     10964 58b0 -
      8460 6804 -
     26052 55e4 -
     37160 2958 -
     20464 6d3c -
     21552 4738 -
     25536 6778 -
     39748 221c -
     25936 76c8 -
      7376 4ad0 -
      8840 60b4 -
     20836 7c4 -
     26696 49b0 -
     21188 4ee8 -
     39676 2f14 -
     11736 7014 -
     37588 9238 -
     28156 88a8 -
       456 6d30 -
     38476 1be0 -
     26380 4e10 -
      2852 468c -
     20584 19a8 -
     37580 4e54 -
     25576 9028 -
     26880 32c8 -
     28448 56ac -
     20148 60c -
     23876 72c4 -
     12060 3254 -
     24688 5d98 -
      5688 8d34 -
      8804 2348 -
     27516 3aec -
      9116 7ce8 -
     36144 6b0 -
      6312 4540 -
     33008 2df0 -
     36820 6718 -
     24904 8c4c -
      4560 7190 -
     22268 8f0 -
     30772 12e8 -
     21216 1964 -
      5452 47b8 -
     19344 3a28 -
     16080 4bfc -
     36992 53bc -
      4756 6a0 -
     25368 4974 -
     35080 7c44 -
     14256 1840 -
     20336 87bc -
     32812 2f40 -
     33004 4774 -
     16564 5218 -
     24496 5d50 -
     15264 6b04 -
     15640 9314 -
     32484 4ab0 -
     32608 8784 -
     10616 9a0c -
     31212 6164 -
     22764 2ab4 -
     31648 88c4 -
     14688 4f0c -
     19900 5178 -
     27080 9378 -
      7684 4a58 -
     28184 362c -
     32124 8a50 -
Cleaned out 121 stale readers
Refreshing native plugins compatible for Editor in 4.89 ms, found 3 plugins.
Preloading 0 native plugins for Editor in 0.00 ms.
Initialize engine version: 2022.3.5f1 (9674261d40ee)
[Subsystems] Discovering subsystems at path C:/Program Files/Unity/Hub/Editor/2022.3.5f1/Editor/Data/Resources/UnitySubsystems
[Subsystems] Discovering subsystems at path C:/Users/user/Documents/Trabajo/Unity/GGJ2024/Assets
GfxDevice: creating device client; threaded=0; jobified=0
Direct3D:
    Version:  Direct3D 11.0 [level 11.1]
    Renderer: NVIDIA GeForce RTX 3070 Ti Laptop GPU (ID=0x24a0)
    Vendor:   NVIDIA
    VRAM:     8032 MB
    Driver:   31.0.15.3667
Initialize mono
Mono path[0] = 'C:/Program Files/Unity/Hub/Editor/2022.3.5f1/Editor/Data/Managed'
Mono path[1] = 'C:/Program Files/Unity/Hub/Editor/2022.3.5f1/Editor/Data/MonoBleedingEdge/lib/mono/unityjit-win32'
Mono config path = 'C:/Program Files/Unity/Hub/Editor/2022.3.5f1/Editor/Data/MonoBleedingEdge/etc'
Using monoOptions --debugger-agent=transport=dt_socket,address=127.0.0.1:61440,server=n,suspend=y
